app/manifest-merger-release-report.txt
-- Merging decision tree log ---
manifest
ADDED from AndroidManifest.xml:1:1
	xmlns:android
		ADDED from AndroidManifest.xml:1:11
	package
		ADDED from AndroidManifest.xml:2:5
		INJECTED from AndroidManifest.xml:0:0
		INJECTED from AndroidManifest.xml:0:0
	android:versionName
		INJECTED from AndroidManifest.xml:0:0
		INJECTED from AndroidManifest.xml:0:0
	android:versionCode
		INJECTED from AndroidManifest.xml:0:0
		INJECTED from AndroidManifest.xml:0:0
uses-permission#android.permission.INTERNET
ADDED from AndroidManifest.xml:4:5
MERGED from com.awareframework:aware-core:3.2.5:47:5
	android:name
		ADDED from AndroidManifest.xml:4:22
uses-permission#android.permission.WAKE_LOCK
ADDED from AndroidManifest.xml:5:5
MERGED from com.awareframework:aware-core:3.2.5:49:5
	android:name
		ADDED from AndroidManifest.xml:5:22
uses-permission#android.permission.INTERACT_ACROSS_USER_FULL
ADDED from AndroidManifest.xml:6:5
	android:name
		ADDED from AndroidManifest.xml:6:22
uses-permission#android.permission.ACCESS_NETWORK_STATE
ADDED from AndroidManifest.xml:7:5
MERGED from com.awareframework:aware-core:3.2.5:48:5
	android:name
		ADDED from AndroidManifest.xml:7:22
application
ADDED from AndroidManifest.xml:9:5
MERGED from com.android.support:appcompat-v7:21.0.3:16:5
MERGED from com.android.support:support-v4:21.0.3:16:5
MERGED from com.android.support:gridlayout-v7:21.0.3:16:5
MERGED from com.android.support:support-v4:21.0.3:16:5
MERGED from com.google.android.gms:play-services:6.5.87:20:5
MERGED from com.android.support:support-v4:21.0.3:16:5
MERGED from com.android.support:cardview-v7:21.0.3:16:5
MERGED from com.awareframework:aware-core:3.2.5:51:5
	android:label
		ADDED from AndroidManifest.xml:12:9
	android:allowBackup
		ADDED from AndroidManifest.xml:10:9
	android:icon
		ADDED from AndroidManifest.xml:11:9
	android:theme
		ADDED from com.awareframework:aware-core:3.2.5:54:9
service#com.aware.plugin.questionnaire.Plugin
ADDED from AndroidManifest.xml:14:9
	android:label
		ADDED from AndroidManifest.xml:14:95
	android:exported
		ADDED from AndroidManifest.xml:14:71
	android:name
		ADDED from AndroidManifest.xml:14:18
receiver#com.aware.plugin.questionnaire.EsmAlarm
ADDED from AndroidManifest.xml:15:9
	android:name
		ADDED from AndroidManifest.xml:15:19
provider#com.aware.plugin.questionnaire.Provider
ADDED from AndroidManifest.xml:16:9
	android:exported
		ADDED from AndroidManifest.xml:16:159
	android:authorities
		ADDED from AndroidManifest.xml:16:74
		INJECTED from AndroidManifest.xml:0:0
	android:readPermission
		ADDED from AndroidManifest.xml:16:183
	android:enabled
		ADDED from AndroidManifest.xml:16:136
	android:name
		ADDED from AndroidManifest.xml:16:19
	android:writePermission
		ADDED from AndroidManifest.xml:16:236
activity#com.aware.plugin.questionnaire.Settings
ADDED from AndroidManifest.xml:17:9
	android:exported
		ADDED from AndroidManifest.xml:17:74
	android:name
		ADDED from AndroidManifest.xml:17:19
uses-sdk
INJECTED from AndroidManifest.xml:0:0 reason: use-sdk injection requested
MERGED from com.android.support:appcompat-v7:21.0.3:15:5
MERGED from com.android.support:support-v4:21.0.3:15:5
MERGED from com.android.support:gridlayout-v7:21.0.3:15:5
MERGED from com.android.support:support-v4:21.0.3:15:5
MERGED from com.google.android.gms:play-services:6.5.87:18:5
MERGED from com.android.support:support-v4:21.0.3:15:5
MERGED from com.android.support:cardview-v7:21.0.3:15:5
MERGED from com.awareframework:aware-core:3.2.5:7:5
	android:targetSdkVersion
		INJECTED from AndroidManifest.xml:0:0
		INJECTED from AndroidManifest.xml:0:0
	android:minSdkVersion
		INJECTED from AndroidManifest.xml:0:0
		INJECTED from AndroidManifest.xml:0:0
meta-data#com.google.android.gms.version
ADDED from com.google.android.gms:play-services:6.5.87:21:9
MERGED from com.awareframework:aware-core:3.2.5:55:9
	android:name
		ADDED from com.google.android.gms:play-services:6.5.87:22:13
	android:value
		ADDED from com.google.android.gms:play-services:6.5.87:23:13
uses-feature#android.hardware.camera
ADDED from com.awareframework:aware-core:3.2.5:11:5
	android:name
		ADDED from com.awareframework:aware-core:3.2.5:11:19
uses-feature#android.hardware.camera.autofocus
ADDED from com.awareframework:aware-core:3.2.5:12:5
	android:name
		ADDED from com.awareframework:aware-core:3.2.5:12:19
uses-permission#com.aware.READ_CONTEXT_DATA
ADDED from com.awareframework:aware-core:3.2.5:44:5
	android:name
		ADDED from com.awareframework:aware-core:3.2.5:44:22
uses-permission#com.aware.WRITE_CONTEXT_DATA
ADDED from com.awareframework:aware-core:3.2.5:45:5
	android:name
		ADDED from com.awareframework:aware-core:3.2.5:45:22
uses-permission#android.permission.WRITE_EXTERNAL_STORAGE
ADDED from com.awareframework:aware-core:3.2.5:46:5
	android:name
		ADDED from com.awareframework:aware-core:3.2.5:46:22
activity#com.aware.Aware_Preferences
ADDED from com.awareframework:aware-core:3.2.5:59:9
	android:label
		ADDED from com.awareframework:aware-core:3.2.5:65:13
	android:icon
		ADDED from com.awareframework:aware-core:3.2.5:64:13
	android:configChanges
		ADDED from com.awareframework:aware-core:3.2.5:61:13
	android:theme
		ADDED from com.awareframework:aware-core:3.2.5:67:13
	android:exported
		ADDED from com.awareframework:aware-core:3.2.5:63:13
	android:enabled
		ADDED from com.awareframework:aware-core:3.2.5:62:13
	android:name
		ADDED from com.awareframework:aware-core:3.2.5:60:13
	android:launchMode
		ADDED from com.awareframework:aware-core:3.2.5:66:13
intent-filter#android.intent.action.MAIN+android.intent.category.LAUNCHER
ADDED from com.awareframework:aware-core:3.2.5:68:13
action#android.intent.action.MAIN
ADDED from com.awareframework:aware-core:3.2.5:69:17
	android:name
		ADDED from com.awareframework:aware-core:3.2.5:69:25
category#android.intent.category.LAUNCHER
ADDED from com.awareframework:aware-core:3.2.5:71:17
	android:name
		ADDED from com.awareframework:aware-core:3.2.5:71:27
activity#com.aware.ui.Stream_UI
ADDED from com.awareframework:aware-core:3.2.5:74:9
	android:noHistory
		ADDED from com.awareframework:aware-core:3.2.5:82:13
	android:label
		ADDED from com.awareframework:aware-core:3.2.5:80:13
	android:icon
		ADDED from com.awareframework:aware-core:3.2.5:79:13
	android:configChanges
		ADDED from com.awareframework:aware-core:3.2.5:76:13
	android:theme
		ADDED from com.awareframework:aware-core:3.2.5:84:13
	android:exported
		ADDED from com.awareframework:aware-core:3.2.5:78:13
	android:enabled
		ADDED from com.awareframework:aware-core:3.2.5:77:13
	android:parentActivityName
		ADDED from com.awareframework:aware-core:3.2.5:83:13
	android:name
		ADDED from com.awareframework:aware-core:3.2.5:75:13
	android:launchMode
		ADDED from com.awareframework:aware-core:3.2.5:81:13
intent-filter#android.intent.action.ASSIST+android.intent.category.DEFAULT+android.intent.category.LAUNCHER
ADDED from com.awareframework:aware-core:3.2.5:85:13
action#android.intent.action.ASSIST
ADDED from com.awareframework:aware-core:3.2.5:86:17
	android:name
		ADDED from com.awareframework:aware-core:3.2.5:86:25
category#android.intent.category.DEFAULT
ADDED from com.awareframework:aware-core:3.2.5:88:17
	android:name
		ADDED from com.awareframework:aware-core:3.2.5:88:27
meta-data#com.android.systemui.action_assist_icon
ADDED from com.awareframework:aware-core:3.2.5:92:13
	android:resource
		ADDED from com.awareframework:aware-core:3.2.5:94:17
	android:name
		ADDED from com.awareframework:aware-core:3.2.5:93:17
meta-data#android.support.PARENT_ACTIVITY
ADDED from com.awareframework:aware-core:3.2.5:95:13
	android:name
		ADDED from com.awareframework:aware-core:3.2.5:96:17
	android:value
		ADDED from com.awareframework:aware-core:3.2.5:97:17
activity#com.aware.ui.CameraStudy
ADDED from com.awareframework:aware-core:3.2.5:99:9
	android:label
		ADDED from com.awareframework:aware-core:3.2.5:103:13
	android:configChanges
		ADDED from com.awareframework:aware-core:3.2.5:101:13
	android:theme
		ADDED from com.awareframework:aware-core:3.2.5:106:13
	android:enabled
		ADDED from com.awareframework:aware-core:3.2.5:102:13
	android:parentActivityName
		ADDED from com.awareframework:aware-core:3.2.5:105:13
	android:name
		ADDED from com.awareframework:aware-core:3.2.5:100:13
	android:launchMode
		ADDED from com.awareframework:aware-core:3.2.5:104:13
activity#com.aware.ui.Plugins_Manager
ADDED from com.awareframework:aware-core:3.2.5:111:9
	android:label
		ADDED from com.awareframework:aware-core:3.2.5:117:13
	android:icon
		ADDED from com.awareframework:aware-core:3.2.5:116:13
	android:configChanges
		ADDED from com.awareframework:aware-core:3.2.5:113:13
	android:theme
		ADDED from com.awareframework:aware-core:3.2.5:120:13
	android:exported
		ADDED from com.awareframework:aware-core:3.2.5:115:13
	android:enabled
		ADDED from com.awareframework:aware-core:3.2.5:114:13
	android:parentActivityName
		ADDED from com.awareframework:aware-core:3.2.5:119:13
	android:name
		ADDED from com.awareframework:aware-core:3.2.5:112:13
	android:launchMode
		ADDED from com.awareframework:aware-core:3.2.5:118:13
activity#com.aware.ui.About
ADDED from com.awareframework:aware-core:3.2.5:125:9
	android:label
		ADDED from com.awareframework:aware-core:3.2.5:130:13
	android:configChanges
		ADDED from com.awareframework:aware-core:3.2.5:127:13
	android:theme
		ADDED from com.awareframework:aware-core:3.2.5:133:13
	android:exported
		ADDED from com.awareframework:aware-core:3.2.5:129:13
	android:enabled
		ADDED from com.awareframework:aware-core:3.2.5:128:13
	android:parentActivityName
		ADDED from com.awareframework:aware-core:3.2.5:132:13
	android:name
		ADDED from com.awareframework:aware-core:3.2.5:126:13
	android:launchMode
		ADDED from com.awareframework:aware-core:3.2.5:131:13
activity#com.aware.ui.ESM_Queue
ADDED from com.awareframework:aware-core:3.2.5:135:9
	android:noHistory
		ADDED from com.awareframework:aware-core:3.2.5:142:13
	android:configChanges
		ADDED from com.awareframework:aware-core:3.2.5:138:13
	android:theme
		ADDED from com.awareframework:aware-core:3.2.5:144:13
	android:exported
		ADDED from com.awareframework:aware-core:3.2.5:140:13
	android:showOnLockScreen
		ADDED from com.awareframework:aware-core:3.2.5:143:13
	android:clearTaskOnLaunch
		ADDED from com.awareframework:aware-core:3.2.5:137:13
	android:excludeFromRecents
		ADDED from com.awareframework:aware-core:3.2.5:139:13
	android:name
		ADDED from com.awareframework:aware-core:3.2.5:136:13
	android:launchMode
		ADDED from com.awareframework:aware-core:3.2.5:141:13
service#com.aware.Keyboard
ADDED from com.awareframework:aware-core:3.2.5:147:9
	android:exported
		ADDED from com.awareframework:aware-core:3.2.5:149:13
	android:name
		ADDED from com.awareframework:aware-core:3.2.5:148:13
service#com.aware.Aware
ADDED from com.awareframework:aware-core:3.2.5:150:9
	android:exported
		ADDED from com.awareframework:aware-core:3.2.5:152:13
	android:name
		ADDED from com.awareframework:aware-core:3.2.5:151:13
service#com.aware.Applications
ADDED from com.awareframework:aware-core:3.2.5:154:9
	android:exported
		ADDED from com.awareframework:aware-core:3.2.5:157:13
	android:enabled
		ADDED from com.awareframework:aware-core:3.2.5:156:13
	android:permission
		ADDED from com.awareframework:aware-core:3.2.5:158:13
	android:name
		ADDED from com.awareframework:aware-core:3.2.5:155:13
intent-filter#android.accessibilityservice.AccessibilityService
ADDED from com.awareframework:aware-core:3.2.5:159:13
action#android.accessibilityservice.AccessibilityService
ADDED from com.awareframework:aware-core:3.2.5:160:17
	android:name
		ADDED from com.awareframework:aware-core:3.2.5:160:25
meta-data#android.accessibilityservice
ADDED from com.awareframework:aware-core:3.2.5:163:13
	android:resource
		ADDED from com.awareframework:aware-core:3.2.5:165:17
	android:name
		ADDED from com.awareframework:aware-core:3.2.5:164:17
service#com.aware.Applications$BackgroundService
ADDED from com.awareframework:aware-core:3.2.5:167:9
	android:exported
		ADDED from com.awareframework:aware-core:3.2.5:169:13
	android:name
		ADDED from com.awareframework:aware-core:3.2.5:168:13
service#com.aware.Locations
ADDED from com.awareframework:aware-core:3.2.5:171:9
	android:exported
		ADDED from com.awareframework:aware-core:3.2.5:173:13
	android:name
		ADDED from com.awareframework:aware-core:3.2.5:172:13
service#com.aware.Bluetooth
ADDED from com.awareframework:aware-core:3.2.5:175:9
	android:exported
		ADDED from com.awareframework:aware-core:3.2.5:177:13
	android:name
		ADDED from com.awareframework:aware-core:3.2.5:176:13
service#com.aware.Screen
ADDED from com.awareframework:aware-core:3.2.5:179:9
	android:exported
		ADDED from com.awareframework:aware-core:3.2.5:181:13
	android:name
		ADDED from com.awareframework:aware-core:3.2.5:180:13
service#com.aware.Battery
ADDED from com.awareframework:aware-core:3.2.5:183:9
	android:exported
		ADDED from com.awareframework:aware-core:3.2.5:185:13
	android:name
		ADDED from com.awareframework:aware-core:3.2.5:184:13
service#com.aware.Network
ADDED from com.awareframework:aware-core:3.2.5:187:9
	android:exported
		ADDED from com.awareframework:aware-core:3.2.5:189:13
	android:name
		ADDED from com.awareframework:aware-core:3.2.5:188:13
service#com.aware.Communication
ADDED from com.awareframework:aware-core:3.2.5:191:9
	android:exported
		ADDED from com.awareframework:aware-core:3.2.5:193:13
	android:name
		ADDED from com.awareframework:aware-core:3.2.5:192:13
service#com.aware.Processor
ADDED from com.awareframework:aware-core:3.2.5:195:9
	android:exported
		ADDED from com.awareframework:aware-core:3.2.5:197:13
	android:name
		ADDED from com.awareframework:aware-core:3.2.5:196:13
service#com.aware.TimeZone
ADDED from com.awareframework:aware-core:3.2.5:199:9
	android:exported
		ADDED from com.awareframework:aware-core:3.2.5:201:13
	android:name
		ADDED from com.awareframework:aware-core:3.2.5:200:13
service#com.aware.Mqtt
ADDED from com.awareframework:aware-core:3.2.5:203:9
	android:exported
		ADDED from com.awareframework:aware-core:3.2.5:205:13
	android:name
		ADDED from com.awareframework:aware-core:3.2.5:204:13
service#com.aware.Traffic
ADDED from com.awareframework:aware-core:3.2.5:207:9
	android:exported
		ADDED from com.awareframework:aware-core:3.2.5:209:13
	android:name
		ADDED from com.awareframework:aware-core:3.2.5:208:13
service#com.aware.Accelerometer
ADDED from com.awareframework:aware-core:3.2.5:211:9
	android:exported
		ADDED from com.awareframework:aware-core:3.2.5:213:13
	android:name
		ADDED from com.awareframework:aware-core:3.2.5:212:13
service#com.aware.Gyroscope
ADDED from com.awareframework:aware-core:3.2.5:215:9
	android:exported
		ADDED from com.awareframework:aware-core:3.2.5:217:13
	android:name
		ADDED from com.awareframework:aware-core:3.2.5:216:13
service#com.aware.Bluetooth$BackgroundService
ADDED from com.awareframework:aware-core:3.2.5:219:9
	android:exported
		ADDED from com.awareframework:aware-core:3.2.5:221:13
	android:name
		ADDED from com.awareframework:aware-core:3.2.5:220:13
service#com.aware.WiFi
ADDED from com.awareframework:aware-core:3.2.5:223:9
	android:exported
		ADDED from com.awareframework:aware-core:3.2.5:225:13
	android:name
		ADDED from com.awareframework:aware-core:3.2.5:224:13
service#com.aware.WiFi$BackgroundService
ADDED from com.awareframework:aware-core:3.2.5:227:9
	android:exported
		ADDED from com.awareframework:aware-core:3.2.5:229:13
	android:name
		ADDED from com.awareframework:aware-core:3.2.5:228:13
service#com.aware.Telephony
ADDED from com.awareframework:aware-core:3.2.5:231:9
	android:exported
		ADDED from com.awareframework:aware-core:3.2.5:233:13
	android:name
		ADDED from com.awareframework:aware-core:3.2.5:232:13
service#com.aware.Rotation
ADDED from com.awareframework:aware-core:3.2.5:235:9
	android:exported
		ADDED from com.awareframework:aware-core:3.2.5:237:13
	android:name
		ADDED from com.awareframework:aware-core:3.2.5:236:13
service#com.aware.Light
ADDED from com.awareframework:aware-core:3.2.5:239:9
	android:exported
		ADDED from com.awareframework:aware-core:3.2.5:241:13
	android:name
		ADDED from com.awareframework:aware-core:3.2.5:240:13
service#com.aware.Proximity
ADDED from com.awareframework:aware-core:3.2.5:243:9
	android:exported
		ADDED from com.awareframework:aware-core:3.2.5:245:13
	android:name
		ADDED from com.awareframework:aware-core:3.2.5:244:13
service#com.aware.Magnetometer
ADDED from com.awareframework:aware-core:3.2.5:247:9
	android:exported
		ADDED from com.awareframework:aware-core:3.2.5:249:13
	android:name
		ADDED from com.awareframework:aware-core:3.2.5:248:13
service#com.aware.Barometer
ADDED from com.awareframework:aware-core:3.2.5:251:9
	android:exported
		ADDED from com.awareframework:aware-core:3.2.5:253:13
	android:name
		ADDED from com.awareframework:aware-core:3.2.5:252:13
service#com.aware.Gravity
ADDED from com.awareframework:aware-core:3.2.5:255:9
	android:exported
		ADDED from com.awareframework:aware-core:3.2.5:257:13
	android:name
		ADDED from com.awareframework:aware-core:3.2.5:256:13
service#com.aware.LinearAccelerometer
ADDED from com.awareframework:aware-core:3.2.5:259:9
	android:exported
		ADDED from com.awareframework:aware-core:3.2.5:261:13
	android:name
		ADDED from com.awareframework:aware-core:3.2.5:260:13
service#com.aware.Temperature
ADDED from com.awareframework:aware-core:3.2.5:263:9
	android:exported
		ADDED from com.awareframework:aware-core:3.2.5:265:13
	android:name
		ADDED from com.awareframework:aware-core:3.2.5:264:13
service#com.aware.ESM
ADDED from com.awareframework:aware-core:3.2.5:267:9
	android:exported
		ADDED from com.awareframework:aware-core:3.2.5:269:13
	android:name
		ADDED from com.awareframework:aware-core:3.2.5:268:13
service#com.aware.ESM$BackgroundService
ADDED from com.awareframework:aware-core:3.2.5:271:9
	android:exported
		ADDED from com.awareframework:aware-core:3.2.5:273:13
	android:name
		ADDED from com.awareframework:aware-core:3.2.5:272:13
service#com.aware.Installations
ADDED from com.awareframework:aware-core:3.2.5:275:9
	android:exported
		ADDED from com.awareframework:aware-core:3.2.5:277:13
	android:name
		ADDED from com.awareframework:aware-core:3.2.5:276:13
service#com.aware.utils.WebserviceHelper
ADDED from com.awareframework:aware-core:3.2.5:279:9
	android:exported
		ADDED from com.awareframework:aware-core:3.2.5:281:13
	android:name
		ADDED from com.awareframework:aware-core:3.2.5:280:13
intent-filter#ACTION_AWARE_WEBSERVICE_CLEAR_TABLE+ACTION_AWARE_WEBSERVICE_SYNC_TABLE
ADDED from com.awareframework:aware-core:3.2.5:282:13
action#ACTION_AWARE_WEBSERVICE_SYNC_TABLE
ADDED from com.awareframework:aware-core:3.2.5:283:17
	android:name
		ADDED from com.awareframework:aware-core:3.2.5:283:25
action#ACTION_AWARE_WEBSERVICE_CLEAR_TABLE
ADDED from com.awareframework:aware-core:3.2.5:284:17
	android:name
		ADDED from com.awareframework:aware-core:3.2.5:284:25
service#com.aware.Aware_Preferences$StudyConfig
ADDED from com.awareframework:aware-core:3.2.5:287:9
	android:exported
		ADDED from com.awareframework:aware-core:3.2.5:289:13
	android:name
		ADDED from com.awareframework:aware-core:3.2.5:288:13
service#com.aware.Aware$UpdateFrameworkService
ADDED from com.awareframework:aware-core:3.2.5:290:9
	android:exported
		ADDED from com.awareframework:aware-core:3.2.5:293:13
	android:enabled
		ADDED from com.awareframework:aware-core:3.2.5:292:13
	android:name
		ADDED from com.awareframework:aware-core:3.2.5:291:13
service#com.aware.utils.DownloadPluginService
ADDED from com.awareframework:aware-core:3.2.5:294:9
	android:exported
		ADDED from com.awareframework:aware-core:3.2.5:296:13
	android:name
		ADDED from com.awareframework:aware-core:3.2.5:295:13
service#com.aware.Wear_Sync
ADDED from com.awareframework:aware-core:3.2.5:297:9
	android:exported
		ADDED from com.awareframework:aware-core:3.2.5:300:13
	android:enabled
		ADDED from com.awareframework:aware-core:3.2.5:299:13
	android:name
		ADDED from com.awareframework:aware-core:3.2.5:298:13
service#com.aware.Wear_Service
ADDED from com.awareframework:aware-core:3.2.5:301:9
	android:exported
		ADDED from com.awareframework:aware-core:3.2.5:304:13
	android:enabled
		ADDED from com.awareframework:aware-core:3.2.5:303:13
	android:name
		ADDED from com.awareframework:aware-core:3.2.5:302:13
intent-filter#com.google.android.gms.wearable.BIND_LISTENER
ADDED from com.awareframework:aware-core:3.2.5:305:13
action#com.google.android.gms.wearable.BIND_LISTENER
ADDED from com.awareframework:aware-core:3.2.5:306:17
	android:name
		ADDED from com.awareframework:aware-core:3.2.5:306:25
service#com.aware.Wear_Sync$Wear_Bg
ADDED from com.awareframework:aware-core:3.2.5:309:9
	android:exported
		ADDED from com.awareframework:aware-core:3.2.5:312:13
	android:enabled
		ADDED from com.awareframework:aware-core:3.2.5:311:13
	android:name
		ADDED from com.awareframework:aware-core:3.2.5:310:13
receiver#com.aware.Aware$Aware_Broadcaster
ADDED from com.awareframework:aware-core:3.2.5:314:9
	android:exported
		ADDED from com.awareframework:aware-core:3.2.5:316:13
	android:name
		ADDED from com.awareframework:aware-core:3.2.5:315:13
intent-filter#ACTION_AWARE_CLEAR_DATA+ACTION_AWARE_CONFIGURATION+ACTION_AWARE_REFRESH+ACTION_AWARE_SYNC_DATA
ADDED from com.awareframework:aware-core:3.2.5:317:13
action#ACTION_AWARE_SYNC_DATA
ADDED from com.awareframework:aware-core:3.2.5:318:17
	android:name
		ADDED from com.awareframework:aware-core:3.2.5:318:25
action#ACTION_AWARE_CLEAR_DATA
ADDED from com.awareframework:aware-core:3.2.5:319:17
	android:name
		ADDED from com.awareframework:aware-core:3.2.5:319:25
action#ACTION_AWARE_CONFIGURATION
ADDED from com.awareframework:aware-core:3.2.5:320:17
	android:name
		ADDED from com.awareframework:aware-core:3.2.5:320:25
action#ACTION_AWARE_REFRESH
ADDED from com.awareframework:aware-core:3.2.5:321:17
	android:name
		ADDED from com.awareframework:aware-core:3.2.5:321:25
receiver#com.aware.Aware$PluginMonitor
ADDED from com.awareframework:aware-core:3.2.5:324:9
	android:exported
		ADDED from com.awareframework:aware-core:3.2.5:327:13
	android:enabled
		ADDED from com.awareframework:aware-core:3.2.5:326:13
	android:name
		ADDED from com.awareframework:aware-core:3.2.5:325:13
intent-filter#android.intent.action.PACKAGE_ADDED+android.intent.action.PACKAGE_REMOVED
ADDED from com.awareframework:aware-core:3.2.5:328:13
action#android.intent.action.PACKAGE_ADDED
ADDED from com.awareframework:aware-core:3.2.5:329:17
	android:name
		ADDED from com.awareframework:aware-core:3.2.5:329:25
action#android.intent.action.PACKAGE_REMOVED
ADDED from com.awareframework:aware-core:3.2.5:330:17
	android:name
		ADDED from com.awareframework:aware-core:3.2.5:330:25
data
ADDED from com.awareframework:aware-core:3.2.5:332:17
	android:scheme
		ADDED from com.awareframework:aware-core:3.2.5:332:23
receiver#com.aware.Aware$Storage_Broadcaster
ADDED from com.awareframework:aware-core:3.2.5:335:9
	android:exported
		ADDED from com.awareframework:aware-core:3.2.5:338:13
	android:enabled
		ADDED from com.awareframework:aware-core:3.2.5:337:13
	android:name
		ADDED from com.awareframework:aware-core:3.2.5:336:13
intent-filter#android.intent.action.MEDIA_MOUNTED+android.intent.action.MEDIA_UNMOUNTED
ADDED from com.awareframework:aware-core:3.2.5:339:13
action#android.intent.action.MEDIA_MOUNTED
ADDED from com.awareframework:aware-core:3.2.5:340:17
	android:name
		ADDED from com.awareframework:aware-core:3.2.5:340:25
action#android.intent.action.MEDIA_UNMOUNTED
ADDED from com.awareframework:aware-core:3.2.5:341:17
	android:name
		ADDED from com.awareframework:aware-core:3.2.5:341:25